0 info it worked if it ends with ok
1 verbose cli [ '/usr/bin/nodejs', '/usr/bin/npm', 'run', 'start-aion' ]
2 info using npm@3.10.8
3 info using node@v6.4.0
4 verbose run-script [ 'prestart-aion', 'start-aion', 'poststart-aion' ]
5 info lifecycle aionics.ru@0.0.1~prestart-aion: aionics.ru@0.0.1
6 silly lifecycle aionics.ru@0.0.1~prestart-aion: no script for prestart-aion, continuing
7 info lifecycle aionics.ru@0.0.1~start-aion: aionics.ru@0.0.1
8 verbose lifecycle aionics.ru@0.0.1~start-aion: unsafe-perm in lifecycle true
9 verbose lifecycle aionics.ru@0.0.1~start-aion: PATH: /usr/lib/node_modules/npm/bin/node-gyp-bin:/home/artem/development/other/aionics.ru/node_modules/.bin:/usr/local/sbin:/usr/local/bin:/usr/sbin:/usr/bin:/sbin:/bin:/usr/games:/usr/local/games
10 verbose lifecycle aionics.ru@0.0.1~start-aion: CWD: /home/artem/development/other/aionics.ru
11 silly lifecycle aionics.ru@0.0.1~start-aion: Args: [ '-c', 'PORT=8080 node server.js' ]
12 silly lifecycle aionics.ru@0.0.1~start-aion: Returned: code: 1  signal: null
13 info lifecycle aionics.ru@0.0.1~start-aion: Failed to exec start-aion script
14 verbose stack Error: aionics.ru@0.0.1 start-aion: `PORT=8080 node server.js`
14 verbose stack Exit status 1
14 verbose stack     at EventEmitter.<anonymous> (/usr/lib/node_modules/npm/lib/utils/lifecycle.js:255:16)
14 verbose stack     at emitTwo (events.js:106:13)
14 verbose stack     at EventEmitter.emit (events.js:191:7)
14 verbose stack     at ChildProcess.<anonymous> (/usr/lib/node_modules/npm/lib/utils/spawn.js:40:14)
14 verbose stack     at emitTwo (events.js:106:13)
14 verbose stack     at ChildProcess.emit (events.js:191:7)
14 verbose stack     at maybeClose (internal/child_process.js:852:16)
14 verbose stack     at Process.ChildProcess._handle.onexit (internal/child_process.js:215:5)
15 verbose pkgid aionics.ru@0.0.1
16 verbose cwd /home/artem/development/other/aionics.ru
17 error Linux 4.2.0-42-generic
18 error argv "/usr/bin/nodejs" "/usr/bin/npm" "run" "start-aion"
19 error node v6.4.0
20 error npm  v3.10.8
21 error code ELIFECYCLE
22 error aionics.ru@0.0.1 start-aion: `PORT=8080 node server.js`
22 error Exit status 1
23 error Failed at the aionics.ru@0.0.1 start-aion script 'PORT=8080 node server.js'.
23 error Make sure you have the latest version of node.js and npm installed.
23 error If you do, this is most likely a problem with the aionics.ru package,
23 error not with npm itself.
23 error Tell the author that this fails on your system:
23 error     PORT=8080 node server.js
23 error You can get information on how to open an issue for this project with:
23 error     npm bugs aionics.ru
23 error Or if that isn't available, you can get their info via:
23 error     npm owner ls aionics.ru
23 error There is likely additional logging output above.
24 verbose exit [ 1, true ]
